[59017358ms] [LOG] [Fast Refresh] rebuilding @ http://localhost:3000/_next/static/chunks/node_modules_next_dist_115brz8._.js:2431
[59017382ms] [LOG] [Fast Refresh] done in 25ms @ http://localhost:3000/_next/static/chunks/node_modules_next_dist_115brz8._.js:2431
[59017405ms] [LOG] [Fast Refresh] rebuilding @ http://localhost:3000/_next/static/chunks/node_modules_next_dist_115brz8._.js:2431
[59017547ms] [LOG] [Fast Refresh] done in 107ms @ http://localhost:3000/_next/static/chunks/node_modules_next_dist_115brz8._.js:2431
[59017860ms] [INFO] %cDownload the React DevTools for a better development experience: https://react.dev/link/react-devtools font-weight:bold @ http://localhost:3000/_next/static/chunks/node_modules_next_dist_115brz8._.js:2431
[59017889ms] [ERROR] Failed to load resource: the server responded with a status of 404 (Not Found) @ http://localhost:3000/fonts/RocGrotesk/Roc%20Grotesk%20Bold.woff2:0
[59017889ms] [ERROR] Failed to load resource: the server responded with a status of 404 (Not Found) @ http://localhost:3000/fonts/RocGrotesk/Roc%20Grotesk%20Medium.woff2:0
[59017890ms] [ERROR] Failed to load resource: the server responded with a status of 404 (Not Found) @ http://localhost:3000/fonts/RocGrotesk/Roc%20Grotesk%20Regular.woff2:0
[59017894ms] [LOG] [HMR] connected @ http://localhost:3000/_next/static/chunks/node_modules_next_dist_115brz8._.js:2431
[59018741ms] [WARNING] THREE.Clock: This module has been deprecated. Please use THREE.Timer instead. @ http://localhost:3000/_next/static/chunks/node_modules_next_dist_115brz8._.js:2431
[59018783ms] [WARNING] THREE.Clock: This module has been deprecated. Please use THREE.Timer instead. @ http://localhost:3000/_next/static/chunks/node_modules_next_dist_115brz8._.js:2431
[59021902ms] [WARNING] The resource http://localhost:3000/draco/draco_wasm_wrapper.js was preloaded using link preload but not used within a few seconds from the window's load event. Please make sure it has an appropriate `as` value and it is preloaded intentionally. @ http://localhost:3000/:0
[59021902ms] [WARNING] The resource http://localhost:3000/draco/draco_decoder.js was preloaded using link preload but not used within a few seconds from the window's load event. Please make sure it has an appropriate `as` value and it is preloaded intentionally. @ http://localhost:3000/:0
[59040578ms] [ERROR] WebSocket connection to 'ws://localhost:3000/_next/webpack-hmr?id=RoOIKkREFhlJ965rWVPHM' failed: Error in connection establishment: net::ERR_CONNECTION_REFUSED @ http://localhost:3000/_next/static/chunks/node_modules_next_dist_client_0fhqo1d._.js:13299
[59041582ms] [ERROR] WebSocket connection to 'ws://localhost:3000/_next/webpack-hmr?id=RoOIKkREFhlJ965rWVPHM' failed: Error in connection establishment: net::ERR_CONNECTION_REFUSED @ http://localhost:3000/_next/static/chunks/node_modules_next_dist_client_0fhqo1d._.js:13299
[59042587ms] [ERROR] WebSocket connection to 'ws://localhost:3000/_next/webpack-hmr?id=RoOIKkREFhlJ965rWVPHM' failed: Error in connection establishment: net::ERR_CONNECTION_REFUSED @ http://localhost:3000/_next/static/chunks/node_modules_next_dist_client_0fhqo1d._.js:13299
[59043589ms] [ERROR] WebSocket connection to 'ws://localhost:3000/_next/webpack-hmr?id=RoOIKkREFhlJ965rWVPHM' failed: Error in connection establishment: net::ERR_CONNECTION_REFUSED @ http://localhost:3000/_next/static/chunks/node_modules_next_dist_client_0fhqo1d._.js:13299
[59044592ms] [ERROR] WebSocket connection to 'ws://localhost:3000/_next/webpack-hmr?id=RoOIKkREFhlJ965rWVPHM' failed: Error in connection establishment: net::ERR_CONNECTION_REFUSED @ http://localhost:3000/_next/static/chunks/node_modules_next_dist_client_0fhqo1d._.js:13299
[59049596ms] [ERROR] WebSocket connection to 'ws://localhost:3000/_next/webpack-hmr?id=RoOIKkREFhlJ965rWVPHM' failed: Error in connection establishment: net::ERR_CONNECTION_REFUSED @ http://localhost:3000/_next/static/chunks/node_modules_next_dist_client_0fhqo1d._.js:13299
[59054600ms] [ERROR] WebSocket connection to 'ws://localhost:3000/_next/webpack-hmr?id=RoOIKkREFhlJ965rWVPHM' failed: Error in connection establishment: net::ERR_CONNECTION_REFUSED @ http://localhost:3000/_next/static/chunks/node_modules_next_dist_client_0fhqo1d._.js:13299
[59059604ms] [ERROR] WebSocket connection to 'ws://localhost:3000/_next/webpack-hmr?id=RoOIKkREFhlJ965rWVPHM' failed: Error in connection establishment: net::ERR_CONNECTION_REFUSED @ http://localhost:3000/_next/static/chunks/node_modules_next_dist_client_0fhqo1d._.js:13299
[59064608ms] [ERROR] WebSocket connection to 'ws://localhost:3000/_next/webpack-hmr?id=RoOIKkREFhlJ965rWVPHM' failed: Error in connection establishment: net::ERR_CONNECTION_REFUSED @ http://localhost:3000/_next/static/chunks/node_modules_next_dist_client_0fhqo1d._.js:13299
[59069615ms] [ERROR] WebSocket connection to 'ws://localhost:3000/_next/webpack-hmr?id=RoOIKkREFhlJ965rWVPHM' failed: Error in connection establishment: net::ERR_CONNECTION_REFUSED @ http://localhost:3000/_next/static/chunks/node_modules_next_dist_client_0fhqo1d._.js:13299
[59074622ms] [ERROR] WebSocket connection to 'ws://localhost:3000/_next/webpack-hmr?id=RoOIKkREFhlJ965rWVPHM' failed: Error in connection establishment: net::ERR_CONNECTION_REFUSED @ http://localhost:3000/_next/static/chunks/node_modules_next_dist_client_0fhqo1d._.js:13299
[59079627ms] [ERROR] WebSocket connection to 'ws://localhost:3000/_next/webpack-hmr?id=RoOIKkREFhlJ965rWVPHM' failed: Error in connection establishment: net::ERR_CONNECTION_REFUSED @ http://localhost:3000/_next/static/chunks/node_modules_next_dist_client_0fhqo1d._.js:13299
